#
# There is insufficient memory for the Java Runtime Environment to continue.
# Native memory allocation (mmap) failed to map 20971520 bytes for committing reserved memory.
# Possible reasons:
#   The system is out of physical RAM or swap space
#   In 32 bit mode, the process size limit was hit
# Possible solutions:
#   Reduce memory load on the system
#   Increase physical memory or swap space
#   Check if swap backing store is full
#   Use 64 bit Java on a 64 bit OS
#   Decrease Java heap size (-Xmx/-Xms)
#   Decrease number of Java threads
#   Decrease Java thread stack sizes (-Xss)
#   Set larger code cache with -XX:ReservedCodeCacheSize=
# This output file may be truncated or incomplete.
#
#  Out of Memory Error (os_linux.cpp:2671), pid=20344, tid=140556584015616
#
# JRE version:  (8.0_20-b26) (build )
# Java VM: Java HotSpot(TM) 64-Bit Server VM (25.20-b23 mixed mode linux-amd64 compressed oops)
# Failed to write core dump. Core dumps have been disabled. To enable core dumping, try "ulimit -c unlimited" before starting Java again
#

---------------  T H R E A D  ---------------

Current thread (0x00007fd5d8009800):  JavaThread "Unknown thread" [_thread_in_vm, id=20345, stack(0x00007fd5e132d000,0x00007fd5e142e000)]

Stack: [0x00007fd5e132d000,0x00007fd5e142e000],  sp=0x00007fd5e142c3c0,  free space=1020k
Native frames: (J=compiled Java code, j=interpreted, Vv=VM code, C=native code)
V  [libjvm.so+0xa76cea]  VMError::report_and_die()+0x2ca
V  [libjvm.so+0x4e52fb]  report_vm_out_of_memory(char const*, int, unsigned long, VMErrorType, char const*)+0x8b
V  [libjvm.so+0x8e4ec3]  os::Linux::commit_memory_impl(char*, unsigned long, bool)+0x103
V  [libjvm.so+0x8e5419]  os::pd_commit_memory(char*, unsigned long, unsigned long, bool)+0x29
V  [libjvm.so+0x8df0ea]  os::commit_memory(char*, unsigned long, unsigned long, bool)+0x2a
V  [libjvm.so+0x94f1f3]  PSVirtualSpace::expand_by(unsigned long)+0x53
V  [libjvm.so+0x93f769]  PSOldGen::initialize(ReservedSpace, unsigned long, char const*, int)+0xb9
V  [libjvm.so+0x2d26f6]  AdjoiningGenerations::AdjoiningGenerations(ReservedSpace, GenerationSizer*, unsigned long)+0x3a6
V  [libjvm.so+0x9067fe]  ParallelScavengeHeap::initialize()+0x1ae
V  [libjvm.so+0xa44d0d]  Universe::initialize_heap()+0xfd
V  [libjvm.so+0xa4512f]  universe_init()+0x3f
V  [libjvm.so+0x612055]  init_globals()+0x65
V  [libjvm.so+0xa2acdd]  Threads::create_vm(JavaVMInitArgs*, bool*)+0x24d
V  [libjvm.so+0x6a9414]  JNI_CreateJavaVM+0x74
C  [libjli.so+0x736e]  JavaMain+0x9e
C  [libpthread.so.0+0x7e9a]  start_thread+0xda


---------------  P R O C E S S  ---------------

Java Threads: ( => current thread )

Other Threads:

=>0x00007fd5d8009800 (exited) JavaThread "Unknown thread" [_thread_in_vm, id=20345, stack(0x00007fd5e132d000,0x00007fd5e142e000)]

VM state:not at safepoint (not fully initialized)

VM Mutex/Monitor currently owned by a thread: None

GC Heap History (0 events):
No events

Deoptimization events (0 events):
No events

Internal exceptions (0 events):
No events

Events (0 events):
No events


Dynamic libraries:
00400000-00401000 r-xp 00000000 08:02 2369471                            /home/norbee/.jdk1.8.0_20/jre/bin/java
00600000-00601000 rw-p 00000000 08:02 2369471                            /home/norbee/.jdk1.8.0_20/jre/bin/java
00dd0000-00df1000 rw-p 00000000 00:00 0                                  [heap]
c1400000-eab00000 ---p 00000000 00:00 0 
eab00000-eb500000 rw-p 00000000 00:00 0 
eb500000-100000000 ---p 00000000 00:00 0 
7fd5c9000000-7fd5c9270000 rwxp 00000000 00:00 0 
7fd5c9270000-7fd5d8000000 ---p 00000000 00:00 0 
7fd5d8000000-7fd5d8031000 rw-p 00000000 00:00 0 
7fd5d8031000-7fd5dc000000 ---p 00000000 00:00 0 
7fd5ddce3000-7fd5ddf5a000 rw-p 00000000 00:00 0 
7fd5ddf5a000-7fd5de0af000 ---p 00000000 00:00 0 
7fd5de0af000-7fd5de0b5000 rw-p 00000000 00:00 0 
7fd5de0b5000-7fd5de15a000 ---p 00000000 00:00 0 
7fd5de15a000-7fd5de165000 rw-p 00000000 00:00 0 
7fd5de165000-7fd5de51b000 ---p 00000000 00:00 0 
7fd5de51b000-7fd5de535000 r-xp 00000000 08:02 2369771                    /home/norbee/.jdk1.8.0_20/jre/lib/amd64/libzip.so
7fd5de535000-7fd5de735000 ---p 0001a000 08:02 2369771                    /home/norbee/.jdk1.8.0_20/jre/lib/amd64/libzip.so
7fd5de735000-7fd5de736000 rw-p 0001a000 08:02 2369771                    /home/norbee/.jdk1.8.0_20/jre/lib/amd64/libzip.so
7fd5de736000-7fd5de742000 r-xp 00000000 08:02 2106976                    /lib/x86_64-linux-gnu/libnss_files-2.15.so
7fd5de742000-7fd5de941000 ---p 0000c000 08:02 2106976                    /lib/x86_64-linux-gnu/libnss_files-2.15.so
7fd5de941000-7fd5de942000 r--p 0000b000 08:02 2106976                    /lib/x86_64-linux-gnu/libnss_files-2.15.so
7fd5de942000-7fd5de943000 rw-p 0000c000 08:02 2106976                    /lib/x86_64-linux-gnu/libnss_files-2.15.so
7fd5de943000-7fd5de94d000 r-xp 00000000 08:02 2106980                    /lib/x86_64-linux-gnu/libnss_nis-2.15.so
7fd5de94d000-7fd5deb4d000 ---p 0000a000 08:02 2106980                    /lib/x86_64-linux-gnu/libnss_nis-2.15.so
7fd5deb4d000-7fd5deb4e000 r--p 0000a000 08:02 2106980                    /lib/x86_64-linux-gnu/libnss_nis-2.15.so
7fd5deb4e000-7fd5deb4f000 rw-p 0000b000 08:02 2106980                    /lib/x86_64-linux-gnu/libnss_nis-2.15.so
7fd5deb4f000-7fd5deb66000 r-xp 00000000 08:02 2106992                    /lib/x86_64-linux-gnu/libnsl-2.15.so
7fd5deb66000-7fd5ded65000 ---p 00017000 08:02 2106992                    /lib/x86_64-linux-gnu/libnsl-2.15.so
7fd5ded65000-7fd5ded66000 r--p 00016000 08:02 2106992                    /lib/x86_64-linux-gnu/libnsl-2.15.so
7fd5ded66000-7fd5ded67000 rw-p 00017000 08:02 2106992                    /lib/x86_64-linux-gnu/libnsl-2.15.so
7fd5ded67000-7fd5ded69000 rw-p 00000000 00:00 0 
7fd5ded69000-7fd5ded71000 r-xp 00000000 08:02 2106974                    /lib/x86_64-linux-gnu/libnss_compat-2.15.so
7fd5ded71000-7fd5def70000 ---p 00008000 08:02 2106974                    /lib/x86_64-linux-gnu/libnss_compat-2.15.so
7fd5def70000-7fd5def71000 r--p 00007000 08:02 2106974                    /lib/x86_64-linux-gnu/libnss_compat-2.15.so
7fd5def71000-7fd5def72000 rw-p 00008000 08:02 2106974                    /lib/x86_64-linux-gnu/libnss_compat-2.15.so
7fd5def72000-7fd5def9c000 r-xp 00000000 08:02 2369766                    /home/norbee/.jdk1.8.0_20/jre/lib/amd64/libjava.so
7fd5def9c000-7fd5df19c000 ---p 0002a000 08:02 2369766                    /home/norbee/.jdk1.8.0_20/jre/lib/amd64/libjava.so
7fd5df19c000-7fd5df19e000 rw-p 0002a000 08:02 2369766                    /home/norbee/.jdk1.8.0_20/jre/lib/amd64/libjava.so
7fd5df19e000-7fd5df1ab000 r-xp 00000000 08:02 2369770                    /home/norbee/.jdk1.8.0_20/jre/lib/amd64/libverify.so
7fd5df1ab000-7fd5df3ab000 ---p 0000d000 08:02 2369770                    /home/norbee/.jdk1.8.0_20/jre/lib/amd64/libverify.so
7fd5df3ab000-7fd5df3ad000 rw-p 0000d000 08:02 2369770                    /home/norbee/.jdk1.8.0_20/jre/lib/amd64/libverify.so
7fd5df3ad000-7fd5df3b4000 r-xp 00000000 08:02 2106979                    /lib/x86_64-linux-gnu/librt-2.15.so
7fd5df3b4000-7fd5df5b3000 ---p 00007000 08:02 2106979                    /lib/x86_64-linux-gnu/librt-2.15.so
7fd5df5b3000-7fd5df5b4000 r--p 00006000 08:02 2106979                    /lib/x86_64-linux-gnu/librt-2.15.so
7fd5df5b4000-7fd5df5b5000 rw-p 00007000 08:02 2106979                    /lib/x86_64-linux-gnu/librt-2.15.so
7fd5df5b5000-7fd5df6b0000 r-xp 00000000 08:02 2106983                    /lib/x86_64-linux-gnu/libm-2.15.so
7fd5df6b0000-7fd5df8af000 ---p 000fb000 08:02 2106983                    /lib/x86_64-linux-gnu/libm-2.15.so
7fd5df8af000-7fd5df8b0000 r--p 000fa000 08:02 2106983                    /lib/x86_64-linux-gnu/libm-2.15.so
7fd5df8b0000-7fd5df8b1000 rw-p 000fb000 08:02 2106983                    /lib/x86_64-linux-gnu/libm-2.15.so
7fd5df8b1000-7fd5e051b000 r-xp 00000000 08:02 2369752                    /home/norbee/.jdk1.8.0_20/jre/lib/amd64/server/libjvm.so
7fd5e051b000-7fd5e071a000 ---p 00c6a000 08:02 2369752                    /home/norbee/.jdk1.8.0_20/jre/lib/amd64/server/libjvm.so
7fd5e071a000-7fd5e07f1000 rw-p 00c69000 08:02 2369752                    /home/norbee/.jdk1.8.0_20/jre/lib/amd64/server/libjvm.so
7fd5e07f1000-7fd5e0833000 rw-p 00000000 00:00 0 
7fd5e0833000-7fd5e09e8000 r-xp 00000000 08:02 2102923                    /lib/x86_64-linux-gnu/libc-2.15.so
7fd5e09e8000-7fd5e0be7000 ---p 001b5000 08:02 2102923                    /lib/x86_64-linux-gnu/libc-2.15.so
7fd5e0be7000-7fd5e0beb000 r--p 001b4000 08:02 2102923                    /lib/x86_64-linux-gnu/libc-2.15.so
7fd5e0beb000-7fd5e0bed000 rw-p 001b8000 08:02 2102923                    /lib/x86_64-linux-gnu/libc-2.15.so
7fd5e0bed000-7fd5e0bf2000 rw-p 00000000 00:00 0 
7fd5e0bf2000-7fd5e0bf4000 r-xp 00000000 08:02 2106987                    /lib/x86_64-linux-gnu/libdl-2.15.so
7fd5e0bf4000-7fd5e0df4000 ---p 00002000 08:02 2106987                    /lib/x86_64-linux-gnu/libdl-2.15.so
7fd5e0df4000-7fd5e0df5000 r--p 00002000 08:02 2106987                    /lib/x86_64-linux-gnu/libdl-2.15.so
7fd5e0df5000-7fd5e0df6000 rw-p 00003000 08:02 2106987                    /lib/x86_64-linux-gnu/libdl-2.15.so
7fd5e0df6000-7fd5e0e0b000 r-xp 00000000 08:02 2369747                    /home/norbee/.jdk1.8.0_20/jre/lib/amd64/jli/libjli.so
7fd5e0e0b000-7fd5e100a000 ---p 00015000 08:02 2369747                    /home/norbee/.jdk1.8.0_20/jre/lib/amd64/jli/libjli.so
7fd5e100a000-7fd5e100b000 rw-p 00014000 08:02 2369747                    /home/norbee/.jdk1.8.0_20/jre/lib/amd64/jli/libjli.so
7fd5e100b000-7fd5e1023000 r-xp 00000000 08:02 2106981                    /lib/x86_64-linux-gnu/libpthread-2.15.so
7fd5e1023000-7fd5e1222000 ---p 00018000 08:02 2106981                    /lib/x86_64-linux-gnu/libpthread-2.15.so
7fd5e1222000-7fd5e1223000 r--p 00017000 08:02 2106981                    /lib/x86_64-linux-gnu/libpthread-2.15.so
7fd5e1223000-7fd5e1224000 rw-p 00018000 08:02 2106981                    /lib/x86_64-linux-gnu/libpthread-2.15.so
7fd5e1224000-7fd5e1228000 rw-p 00000000 00:00 0 
7fd5e1228000-7fd5e124a000 r-xp 00000000 08:02 2106984                    /lib/x86_64-linux-gnu/ld-2.15.so
7fd5e132d000-7fd5e1330000 ---p 00000000 00:00 0 
7fd5e1330000-7fd5e1432000 rw-p 00000000 00:00 0                          [stack:20345]
7fd5e143d000-7fd5e143e000 rw-p 00000000 00:00 0 
7fd5e143e000-7fd5e1446000 rw-s 00000000 08:02 133801                     /tmp/hsperfdata_norbee/20344
7fd5e1446000-7fd5e1447000 rw-p 00000000 00:00 0 
7fd5e1447000-7fd5e1448000 r--p 00000000 00:00 0 
7fd5e1448000-7fd5e144a000 rw-p 00000000 00:00 0 
7fd5e144a000-7fd5e144b000 r--p 00022000 08:02 2106984                    /lib/x86_64-linux-gnu/ld-2.15.so
7fd5e144b000-7fd5e144d000 rw-p 00023000 08:02 2106984                    /lib/x86_64-linux-gnu/ld-2.15.so
7fff2aa79000-7fff2aa9a000 rw-p 00000000 00:00 0                          [stack]
7fff2abff000-7fff2ac00000 r-xp 00000000 00:00 0                          [vdso]
ffffffffff600000-ffffffffff601000 r-xp 00000000 00:00 0                  [vsyscall]

VM Arguments:
jvm_args: -Xmx1024M 
java_command: /home/norbee/asd/sdk/build-tools/android-4.4W/lib/dx.jar --dex --output=/home/norbee/yanonymous-code/Construct/target/classes.dex /home/norbee/.m2/repository/com/google/protobuf/protobuf-java/2.5.0/protobuf-java-2.5.0.jar /home/norbee/yanonymous-code/Construct/target/classes
java_class_path (initial): /home/norbee/asd/sdk/build-tools/android-4.4W/lib/dx.jar
Launcher Type: SUN_STANDARD

Environment Variables:
JAVA_HOME=/home/norbee/.jdk1.8.0_20
PATH=/home/norbee/.jdk1.8.0_20/bin:/usr/lib/lightdm/lightdm:/usr/local/sbin:/usr/local/bin:/usr/sbin:/usr/bin:/sbin:/bin:/usr/games:/home/norbee/asd/sdk/tools:/home/norbee/asd/sdk/platform-tools
SHELL=/bin/bash
DISPLAY=:0

Signal Handlers:
SIGSEGV: [libjvm.so+0xa77530], sa_mask[0]=11111111011111111101111111111110, sa_flags=SA_RESTART|SA_SIGINFO
SIGBUS: [libjvm.so+0xa77530], sa_mask[0]=11111111011111111101111111111110, sa_flags=SA_RESTART|SA_SIGINFO
SIGFPE: [libjvm.so+0x8e1d90], sa_mask[0]=11111111011111111101111111111110, sa_flags=SA_RESTART|SA_SIGINFO
SIGPIPE: [libjvm.so+0x8e1d90], sa_mask[0]=11111111011111111101111111111110, sa_flags=SA_RESTART|SA_SIGINFO
SIGXFSZ: [libjvm.so+0x8e1d90], sa_mask[0]=11111111011111111101111111111110, sa_flags=SA_RESTART|SA_SIGINFO
SIGILL: [libjvm.so+0x8e1d90], sa_mask[0]=11111111011111111101111111111110, sa_flags=SA_RESTART|SA_SIGINFO
SIGUSR1: SIG_DFL, sa_mask[0]=00000000000000000000000000000000, sa_flags=none
SIGUSR2: [libjvm.so+0x8e35c0], sa_mask[0]=00100000000000000000000000000000, sa_flags=SA_RESTART|SA_SIGINFO
SIGHUP: SIG_DFL, sa_mask[0]=00000000000000000000000000000000, sa_flags=none
SIGINT: SIG_DFL, sa_mask[0]=00000000000000000000000000000000, sa_flags=none
SIGTERM: SIG_DFL, sa_mask[0]=00000000000000000000000000000000, sa_flags=none
SIGQUIT: SIG_DFL, sa_mask[0]=00000000000000000000000000000000, sa_flags=none


---------------  S Y S T E M  ---------------

OS:DISTRIB_ID="elementary OS"
DISTRIB_RELEASE=0.2.1
DISTRIB_CODENAME=luna
DISTRIB_DESCRIPTION="elementary OS Luna"

uname:Linux 3.5.0-54-generic #81~precise1-Ubuntu SMP Tue Jul 15 04:02:22 UTC 2014 x86_64
libc:glibc 2.15 NPTL 2.15 
rlimit: STACK 8192k, CORE 0k, NPROC 14494, NOFILE 4096, AS infinity
load average:1.18 0.50 0.43

/proc/meminfo:
MemTotal:        1880244 kB
MemFree:           88264 kB
Buffers:             456 kB
Cached:           270436 kB
SwapCached:            0 kB
Active:          1446736 kB
Inactive:         220224 kB
Active(anon):    1441444 kB
Inactive(anon):   213100 kB
Active(file):       5292 kB
Inactive(file):     7124 kB
Unevictable:         184 kB
Mlocked:             184 kB
SwapTotal:             0 kB
SwapFree:              0 kB
Dirty:                32 kB
Writeback:             0 kB
AnonPages:       1396360 kB
Mapped:            30696 kB
Shmem:            258368 kB
Slab:              44140 kB
SReclaimable:      16256 kB
SUnreclaim:        27884 kB
KernelStack:        4120 kB
PageTables:        36380 kB
NFS_Unstable:          0 kB
Bounce:                0 kB
WritebackTmp:          0 kB
CommitLimit:      940120 kB
Committed_AS:    4637788 kB
VmallocTotal:   34359738367 kB
VmallocUsed:      351296 kB
VmallocChunk:   34359366732 kB
HardwareCorrupted:     0 kB
AnonHugePages:         0 kB
HugePages_Total:       0
HugePages_Free:        0
HugePages_Rsvd:        0
HugePages_Surp:        0
Hugepagesize:       2048 kB
DirectMap4k:       73728 kB
DirectMap2M:     1931264 kB


CPU:total 2 (2 cores per cpu, 1 threads per core) family 6 model 42 stepping 7, cmov, cx8, fxsr, mmx, sse, sse2, sse3, ssse3, sse4.1, sse4.2, popcnt, clmul, tsc, tscinvbit

/proc/cpuinfo:
processor	: 0
vendor_id	: GenuineIntel
cpu family	: 6
model		: 42
model name	: Intel(R) Pentium(R) CPU B960 @ 2.20GHz
stepping	: 7
microcode	: 0x28
cpu MHz		: 1000.000
cache size	: 2048 KB
physical id	: 0
siblings	: 2
core id		: 0
cpu cores	: 2
apicid		: 0
initial apicid	: 0
fpu		: yes
fpu_exception	: yes
cpuid level	: 13
wp		: yes
flags		: fpu vme de pse tsc msr pae mce cx8 apic sep mtrr pge mca cmov pat pse36 clflush dts acpi mmx fxsr sse sse2 ss ht tm pbe syscall nx rdtscp lm constant_tsc arch_perfmon pebs bts rep_good nopl xtopology nonstop_tsc aperfmperf pni pclmulqdq dtes64 monitor ds_cpl est tm2 ssse3 cx16 xtpr pdcm pcid sse4_1 sse4_2 x2apic popcnt tsc_deadline_timer xsave lahf_lm arat epb xsaveopt pln pts dtherm
bogomips	: 4389.89
clflush size	: 64
cache_alignment	: 64
address sizes	: 36 bits physical, 48 bits virtual
power management:

processor	: 1
vendor_id	: GenuineIntel
cpu family	: 6
model		: 42
model name	: Intel(R) Pentium(R) CPU B960 @ 2.20GHz
stepping	: 7
microcode	: 0x28
cpu MHz		: 800.000
cache size	: 2048 KB
physical id	: 0
siblings	: 2
core id		: 1
cpu cores	: 2
apicid		: 2
initial apicid	: 2
fpu		: yes
fpu_exception	: yes
cpuid level	: 13
wp		: yes
flags		: fpu vme de pse tsc msr pae mce cx8 apic sep mtrr pge mca cmov pat pse36 clflush dts acpi mmx fxsr sse sse2 ss ht tm pbe syscall nx rdtscp lm constant_tsc arch_perfmon pebs bts rep_good nopl xtopology nonstop_tsc aperfmperf pni pclmulqdq dtes64 monitor ds_cpl est tm2 ssse3 cx16 xtpr pdcm pcid sse4_1 sse4_2 x2apic popcnt tsc_deadline_timer xsave lahf_lm arat epb xsaveopt pln pts dtherm
bogomips	: 4389.89
clflush size	: 64
cache_alignment	: 64
address sizes	: 36 bits physical, 48 bits virtual
power management:



Memory: 4k page, physical 1880244k(88048k free), swap 0k(0k free)

vm_info: Java HotSpot(TM) 64-Bit Server VM (25.20-b23) for linux-amd64 JRE (1.8.0_20-b26), built on Jul 30 2014 13:13:52 by "java_re" with gcc 4.3.0 20080428 (Red Hat 4.3.0-8)

time: Fri Oct 24 05:24:53 2014
elapsed time: 3 seconds (0d 0h 0m 3s)

