#
# There is insufficient memory for the Java Runtime Environment to continue.
# Native memory allocation (mmap) failed to map 22020096 bytes for committing reserved memory.
# Possible reasons:
#   The system is out of physical RAM or swap space
#   In 32 bit mode, the process size limit was hit
# Possible solutions:
#   Reduce memory load on the system
#   Increase physical memory or swap space
#   Check if swap backing store is full
#   Use 64 bit Java on a 64 bit OS
#   Decrease Java heap size (-Xmx/-Xms)
#   Decrease number of Java threads
#   Decrease Java thread stack sizes (-Xss)
#   Set larger code cache with -XX:ReservedCodeCacheSize=
# This output file may be truncated or incomplete.
#
#  Out of Memory Error (os_linux.cpp:2671), pid=20391, tid=140125866522368
#
# JRE version: Java(TM) SE Runtime Environment (8.0_20-b26) (build 1.8.0_20-b26)
# Java VM: Java HotSpot(TM) 64-Bit Server VM (25.20-b23 mixed mode linux-amd64 compressed oops)
# Failed to write core dump. Core dumps have been disabled. To enable core dumping, try "ulimit -c unlimited" before starting Java again
#

---------------  T H R E A D  ---------------

Current thread (0x00007f71a80f6000):  VMThread [stack: 0x00007f71986f7000,0x00007f71987f8000] [id=20395]

Stack: [0x00007f71986f7000,0x00007f71987f8000],  sp=0x00007f71987f6040,  free space=1020k
Native frames: (J=compiled Java code, j=interpreted, Vv=VM code, C=native code)
V  [libjvm.so+0xa76cea]  VMError::report_and_die()+0x2ca
V  [libjvm.so+0x4e52fb]  report_vm_out_of_memory(char const*, int, unsigned long, VMErrorType, char const*)+0x8b
V  [libjvm.so+0x8e4ec3]  os::Linux::commit_memory_impl(char*, unsigned long, bool)+0x103
V  [libjvm.so+0x8e5419]  os::pd_commit_memory(char*, unsigned long, unsigned long, bool)+0x29
V  [libjvm.so+0x8df0ea]  os::commit_memory(char*, unsigned long, unsigned long, bool)+0x2a
V  [libjvm.so+0x94f1f3]  PSVirtualSpace::expand_by(unsigned long)+0x53
V  [libjvm.so+0x9505f8]  PSYoungGen::resize_generation(unsigned long, unsigned long)+0xf8
V  [libjvm.so+0x94f752]  PSYoungGen::resize(unsigned long, unsigned long)+0x22
V  [libjvm.so+0x94ca33]  PSScavenge::invoke_no_policy()+0xf53
V  [libjvm.so+0x94d1b1]  PSScavenge::invoke()+0x41
V  [libjvm.so+0x9070d0]  ParallelScavengeHeap::failed_mem_allocate(unsigned long)+0x70
V  [libjvm.so+0xa78367]  VM_ParallelGCFailedAllocation::doit()+0x97
V  [libjvm.so+0xa7fa85]  VM_Operation::evaluate()+0x55
V  [libjvm.so+0xa7de5a]  VMThread::evaluate_operation(VM_Operation*)+0xba
V  [libjvm.so+0xa7e1de]  VMThread::loop()+0x1ce
V  [libjvm.so+0xa7e650]  VMThread::run()+0x70
V  [libjvm.so+0x8e75f8]  java_start(Thread*)+0x108

VM_Operation (0x00007f71b0579de0): ParallelGCFailedAllocation, mode: safepoint, requested by thread 0x00007f71a8009800


---------------  P R O C E S S  ---------------

Java Threads: ( => current thread )
  0x00007f71a8136800 JavaThread "Service Thread" daemon [_thread_blocked, id=20401, stack(0x00007f71981f2000,0x00007f71982f3000)]
  0x00007f71a8133800 JavaThread "C1 CompilerThread1" daemon [_thread_blocked, id=20400, stack(0x00007f71982f3000,0x00007f71983f4000)]
  0x00007f71a8130800 JavaThread "C2 CompilerThread0" daemon [_thread_blocked, id=20399, stack(0x00007f71983f4000,0x00007f71984f5000)]
  0x00007f71a812e800 JavaThread "Signal Dispatcher" daemon [_thread_blocked, id=20398, stack(0x00007f719198e000,0x00007f7191a8f000)]
  0x00007f71a80ff000 JavaThread "Finalizer" daemon [_thread_blocked, id=20397, stack(0x00007f71984f5000,0x00007f71985f6000)]
  0x00007f71a80fd000 JavaThread "Reference Handler" daemon [_thread_blocked, id=20396, stack(0x00007f71985f6000,0x00007f71986f7000)]
  0x00007f71a8009800 JavaThread "main" [_thread_blocked, id=20392, stack(0x00007f71b047b000,0x00007f71b057c000)]

Other Threads:
=>0x00007f71a80f6000 VMThread [stack: 0x00007f71986f7000,0x00007f71987f8000] [id=20395]
  0x00007f71a8143000 WatcherThread [stack: 0x00007f71980f1000,0x00007f71981f2000] [id=20402]

VM state:at safepoint (normal execution)

VM Mutex/Monitor currently owned by a thread:  ([mutex/lock_event])
[0x00007f71a8005fe0] Threads_lock - owner thread: 0x00007f71a80f6000
[0x00007f71a80064e0] Heap_lock - owner thread: 0x00007f71a8009800

Heap:
 PSYoungGen      total 17408K, used 997K [0x00000000eab00000, 0x00000000ebd00000, 0x0000000100000000)
  eden space 16384K, 0% used [0x00000000eab00000,0x00000000eab00000,0x00000000ebb00000)
  from space 1024K, 97% used [0x00000000ebb00000,0x00000000ebbf9520,0x00000000ebc00000)
  to   space 1024K, 0% used [0x00000000ebc00000,0x00000000ebc00000,0x00000000ebd00000)
 ParOldGen       total 20480K, used 8174K [0x00000000c0000000, 0x00000000c1400000, 0x00000000eab00000)
  object space 20480K, 39% used [0x00000000c0000000,0x00000000c07fbb48,0x00000000c1400000)
 Metaspace       used 5481K, capacity 6768K, committed 7040K, reserved 1056768K
  class space    used 543K, capacity 616K, committed 640K, reserved 1048576K

Card table byte_map: [0x00007f71ad0a8000,0x00007f71ad2a9000] byte_map_base: 0x00007f71acaa8000

Marking Bits: (ParMarkBitMap*) 0x00007f71af956ac0
 Begin Bits: [0x00007f7192000000, 0x00007f7193000000)
 End Bits:   [0x00007f7193000000, 0x00007f7194000000)

Polling page: 0x00007f71b0595000

CodeCache: size=245760Kb used=5212Kb max_used=5212Kb free=240548Kb
 bounds [0x00007f7199000000, 0x00007f7199520000, 0x00007f71a8000000]
 total_blobs=1633 nmethods=1376 adapters=173
 compilation: enabled

Compilation events (10 events):
Event: 2,270 Thread 0x00007f71a8133800 1391       2       com.android.dx.cf.code.BaseMachine::auxTargetArg (6 bytes)
Event: 2,270 Thread 0x00007f71a8133800 nmethod 1391 0x00007f7199519010 code [0x00007f7199519160, 0x00007f71995192b0]
Event: 2,270 Thread 0x00007f71a8133800 1392       2       com.android.dx.cf.code.Simulator$SimVisitor::checkReturnType (64 bytes)
Event: 2,271 Thread 0x00007f71a8133800 nmethod 1392 0x00007f7199519350 code [0x00007f7199519540, 0x00007f7199519a08]
Event: 2,271 Thread 0x00007f71a8133800 1385       2       com.android.dx.rop.code.Rops::pickIf (154 bytes)
Event: 2,271 Thread 0x00007f71a8133800 nmethod 1385 0x00007f7199519e10 code [0x00007f719951a020, 0x00007f719951a618]
Event: 2,283 Thread 0x00007f71a8133800 1393       2       com.android.dx.ssa.PhiInsn::getOpcode (2 bytes)
Event: 2,283 Thread 0x00007f71a8133800 nmethod 1393 0x00007f719951aad0 code [0x00007f719951ac20, 0x00007f719951ad70]
Event: 2,283 Thread 0x00007f71a8133800 1394       2       com.android.dx.dex.code.OutputFinisher::hasLocalInfo (20 bytes)
Event: 2,283 Thread 0x00007f71a8133800 nmethod 1394 0x00007f719951ae10 code [0x00007f719951af80, 0x00007f719951b0f0]

GC Heap History (9 events):
Event: 1,185 GC heap before
{Heap before GC invocations=1 (full 0):
 PSYoungGen      total 9216K, used 8192K [0x00000000eab00000, 0x00000000eb500000, 0x0000000100000000)
  eden space 8192K, 100% used [0x00000000eab00000,0x00000000eb300000,0x00000000eb300000)
  from space 1024K, 0% used [0x00000000eb400000,0x00000000eb400000,0x00000000eb500000)
  to   space 1024K, 0% used [0x00000000eb300000,0x00000000eb300000,0x00000000eb400000)
 ParOldGen       total 20480K, used 0K [0x00000000c0000000, 0x00000000c1400000, 0x00000000eab00000)
  object space 20480K, 0% used [0x00000000c0000000,0x00000000c0000000,0x00000000c1400000)
 Metaspace       used 4820K, capacity 6192K, committed 6272K, reserved 1056768K
  class space    used 536K, capacity 616K, committed 640K, reserved 1048576K
Event: 1,190 GC heap after
Heap after GC invocations=1 (full 0):
 PSYoungGen      total 9216K, used 993K [0x00000000eab00000, 0x00000000eb500000, 0x0000000100000000)
  eden space 8192K, 0% used [0x00000000eab00000,0x00000000eab00000,0x00000000eb300000)
  from space 1024K, 97% used [0x00000000eb300000,0x00000000eb3f8718,0x00000000eb400000)
  to   space 1024K, 0% used [0x00000000eb400000,0x00000000eb400000,0x00000000eb500000)
 ParOldGen       total 20480K, used 1813K [0x00000000c0000000, 0x00000000c1400000, 0x00000000eab00000)
  object space 20480K, 8% used [0x00000000c0000000,0x00000000c01c56b8,0x00000000c1400000)
 Metaspace       used 4820K, capacity 6192K, committed 6272K, reserved 1056768K
  class space    used 536K, capacity 616K, committed 640K, reserved 1048576K
}
Event: 1,573 GC heap before
{Heap before GC invocations=2 (full 0):
 PSYoungGen      total 9216K, used 9185K [0x00000000eab00000, 0x00000000eb500000, 0x0000000100000000)
  eden space 8192K, 100% used [0x00000000eab00000,0x00000000eb300000,0x00000000eb300000)
  from space 1024K, 97% used [0x00000000eb300000,0x00000000eb3f8718,0x00000000eb400000)
  to   space 1024K, 0% used [0x00000000eb400000,0x00000000eb400000,0x00000000eb500000)
 ParOldGen       total 20480K, used 1813K [0x00000000c0000000, 0x00000000c1400000, 0x00000000eab00000)
  object space 20480K, 8% used [0x00000000c0000000,0x00000000c01c56b8,0x00000000c1400000)
 Metaspace       used 5167K, capacity 6448K, committed 6528K, reserved 1056768K
  class space    used 538K, capacity 616K, committed 640K, reserved 1048576K
Event: 1,580 GC heap after
Heap after GC invocations=2 (full 0):
 PSYoungGen      total 9216K, used 1008K [0x00000000eab00000, 0x00000000ebd00000, 0x0000000100000000)
  eden space 8192K, 0% used [0x00000000eab00000,0x00000000eab00000,0x00000000eb300000)
  from space 1024K, 98% used [0x00000000eb400000,0x00000000eb4fc030,0x00000000eb500000)
  to   space 1024K, 0% used [0x00000000eb300000,0x00000000eb300000,0x00000000eb400000)
 ParOldGen       total 20480K, used 2880K [0x00000000c0000000, 0x00000000c1400000, 0x00000000eab00000)
  object space 20480K, 14% used [0x00000000c0000000,0x00000000c02d02a0,0x00000000c1400000)
 Metaspace       used 5167K, capacity 6448K, committed 6528K, reserved 1056768K
  class space    used 538K, capacity 616K, committed 640K, reserved 1048576K
}
Event: 1,868 GC heap before
{Heap before GC invocations=3 (full 0):
 PSYoungGen      total 9216K, used 9200K [0x00000000eab00000, 0x00000000ebd00000, 0x0000000100000000)
  eden space 8192K, 100% used [0x00000000eab00000,0x00000000eb300000,0x00000000eb300000)
  from space 1024K, 98% used [0x00000000eb400000,0x00000000eb4fc030,0x00000000eb500000)
  to   space 1024K, 0% used [0x00000000eb300000,0x00000000eb300000,0x00000000eb400000)
 ParOldGen       total 20480K, used 2880K [0x00000000c0000000, 0x00000000c1400000, 0x00000000eab00000)
  object space 20480K, 14% used [0x00000000c0000000,0x00000000c02d02a0,0x00000000c1400000)
 Metaspace       used 5317K, capacity 6576K, committed 6784K, reserved 1056768K
  class space    used 539K, capacity 616K, committed 640K, reserved 1048576K
Event: 1,876 GC heap after
Heap after GC invocations=3 (full 0):
 PSYoungGen      total 9216K, used 1021K [0x00000000eab00000, 0x00000000ebd00000, 0x0000000100000000)
  eden space 8192K, 0% used [0x00000000eab00000,0x00000000eab00000,0x00000000eb300000)
  from space 1024K, 99% used [0x00000000eb300000,0x00000000eb3ff560,0x00000000eb400000)
  to   space 1024K, 0% used [0x00000000ebc00000,0x00000000ebc00000,0x00000000ebd00000)
 ParOldGen       total 20480K, used 4176K [0x00000000c0000000, 0x00000000c1400000, 0x00000000eab00000)
  object space 20480K, 20% used [0x00000000c0000000,0x00000000c0414378,0x00000000c1400000)
 Metaspace       used 5317K, capacity 6576K, committed 6784K, reserved 1056768K
  class space    used 539K, capacity 616K, committed 640K, reserved 1048576K
}
Event: 2,033 GC heap before
{Heap before GC invocations=4 (full 0):
 PSYoungGen      total 9216K, used 9213K [0x00000000eab00000, 0x00000000ebd00000, 0x0000000100000000)
  eden space 8192K, 99% used [0x00000000eab00000,0x00000000eb2ffff8,0x00000000eb300000)
  from space 1024K, 99% used [0x00000000eb300000,0x00000000eb3ff560,0x00000000eb400000)
  to   space 1024K, 0% used [0x00000000ebc00000,0x00000000ebc00000,0x00000000ebd00000)
 ParOldGen       total 20480K, used 4176K [0x00000000c0000000, 0x00000000c1400000, 0x00000000eab00000)
  object space 20480K, 20% used [0x00000000c0000000,0x00000000c0414378,0x00000000c1400000)
 Metaspace       used 5408K, capacity 6704K, committed 6784K, reserved 1056768K
  class space    used 541K, capacity 616K, committed 640K, reserved 1048576K
Event: 2,041 GC heap after
Heap after GC invocations=4 (full 0):
 PSYoungGen      total 17408K, used 1005K [0x00000000eab00000, 0x00000000ebd00000, 0x0000000100000000)
  eden space 16384K, 0% used [0x00000000eab00000,0x00000000eab00000,0x00000000ebb00000)
  from space 1024K, 98% used [0x00000000ebc00000,0x00000000ebcfb7e0,0x00000000ebd00000)
  to   space 1024K, 0% used [0x00000000ebb00000,0x00000000ebb00000,0x00000000ebc00000)
 ParOldGen       total 20480K, used 5495K [0x00000000c0000000, 0x00000000c1400000, 0x00000000eab00000)
  object space 20480K, 26% used [0x00000000c0000000,0x00000000c055dc58,0x00000000c1400000)
 Metaspace       used 5408K, capacity 6704K, committed 6784K, reserved 1056768K
  class space    used 541K, capacity 616K, committed 640K, reserved 1048576K
}
Event: 2,286 GC heap before
{Heap before GC invocations=5 (full 0):
 PSYoungGen      total 17408K, used 17389K [0x00000000eab00000, 0x00000000ebd00000, 0x0000000100000000)
  eden space 16384K, 100% used [0x00000000eab00000,0x00000000ebb00000,0x00000000ebb00000)
  from space 1024K, 98% used [0x00000000ebc00000,0x00000000ebcfb7e0,0x00000000ebd00000)
  to   space 1024K, 0% used [0x00000000ebb00000,0x00000000ebb00000,0x00000000ebc00000)
 ParOldGen       total 20480K, used 5495K [0x00000000c0000000, 0x00000000c1400000, 0x00000000eab00000)
  object space 20480K, 26% used [0x00000000c0000000,0x00000000c055dc58,0x00000000c1400000)
 Metaspace       used 5481K, capacity 6768K, committed 7040K, reserved 1056768K
  class space    used 543K, capacity 616K, committed 640K, reserved 1048576K

Deoptimization events (6 events):
Event: 1,584 Thread 0x00007f71a8009800 Uncommon trap: reason=class_check action=maybe_recompile pc=0x00007f7199323c64 method=com.android.dx.rop.type.Type.equals(Ljava/lang/Object;)Z @ 8
Event: 1,584 Thread 0x00007f71a8009800 Uncommon trap: reason=class_check action=maybe_recompile pc=0x00007f7199323c64 method=com.android.dx.rop.type.Type.equals(Ljava/lang/Object;)Z @ 8
Event: 1,585 Thread 0x00007f71a8009800 Uncommon trap: reason=class_check action=maybe_recompile pc=0x00007f7199323c64 method=com.android.dx.rop.type.Type.equals(Ljava/lang/Object;)Z @ 8
Event: 1,585 Thread 0x00007f71a8009800 Uncommon trap: reason=class_check action=maybe_recompile pc=0x00007f7199323c64 method=com.android.dx.rop.type.Type.equals(Ljava/lang/Object;)Z @ 8
Event: 1,587 Thread 0x00007f71a8009800 Uncommon trap: reason=class_check action=maybe_recompile pc=0x00007f71993039f0 method=com.android.dx.rop.type.Type.equals(Ljava/lang/Object;)Z @ 8
Event: 2,237 Thread 0x00007f71a8009800 Uncommon trap: reason=null_check action=make_not_entrant pc=0x00007f71992a5d58 method=com.android.dx.ssa.SsaRenamer.getLocalForNewReg(I)Lcom/android/dx/rop/code/LocalItem; @ 19

Internal exceptions (10 events):
Event: 1,850 Thread 0x00007f71a8009800 Exception <a 'java/security/PrivilegedActionException'> (0x00000000eb28ad30) thrown at [/HUDSON/workspace/8-2-build-linux-amd64/jdk8u20/1074/hotspot/src/share/vm/prims/jvm.cpp, line 1275]
Event: 1,900 Thread 0x00007f71a8009800 Exception <a 'java/security/PrivilegedActionException'> (0x00000000eacdd958) thrown at [/HUDSON/workspace/8-2-build-linux-amd64/jdk8u20/1074/hotspot/src/share/vm/prims/jvm.cpp, line 1275]
Event: 1,900 Thread 0x00007f71a8009800 Exception <a 'java/security/PrivilegedActionException'> (0x00000000eacdfa38) thrown at [/HUDSON/workspace/8-2-build-linux-amd64/jdk8u20/1074/hotspot/src/share/vm/prims/jvm.cpp, line 1275]
Event: 1,902 Thread 0x00007f71a8009800 Exception <a 'java/security/PrivilegedActionException'> (0x00000000eace87e8) thrown at [/HUDSON/workspace/8-2-build-linux-amd64/jdk8u20/1074/hotspot/src/share/vm/prims/jvm.cpp, line 1275]
Event: 1,902 Thread 0x00007f71a8009800 Exception <a 'java/security/PrivilegedActionException'> (0x00000000eaceaa70) thrown at [/HUDSON/workspace/8-2-build-linux-amd64/jdk8u20/1074/hotspot/src/share/vm/prims/jvm.cpp, line 1275]
Event: 2,166 Thread 0x00007f71a8009800 Exception <a 'java/security/PrivilegedActionException'> (0x00000000eb6b3618) thrown at [/HUDSON/workspace/8-2-build-linux-amd64/jdk8u20/1074/hotspot/src/share/vm/prims/jvm.cpp, line 1275]
Event: 2,168 Thread 0x00007f71a8009800 Exception <a 'java/security/PrivilegedActionException'> (0x00000000eb6b9cb8) thrown at [/HUDSON/workspace/8-2-build-linux-amd64/jdk8u20/1074/hotspot/src/share/vm/prims/jvm.cpp, line 1275]
Event: 2,169 Thread 0x00007f71a8009800 Exception <a 'java/security/PrivilegedActionException'> (0x00000000eb6bc170) thrown at [/HUDSON/workspace/8-2-build-linux-amd64/jdk8u20/1074/hotspot/src/share/vm/prims/jvm.cpp, line 1275]
Event: 2,197 Thread 0x00007f71a8009800 Exception <a 'java/security/PrivilegedActionException'> (0x00000000eb6c1cb8) thrown at [/HUDSON/workspace/8-2-build-linux-amd64/jdk8u20/1074/hotspot/src/share/vm/prims/jvm.cpp, line 1275]
Event: 2,237 Thread 0x00007f71a8009800 Implicit null exception at 0x00007f71992a351c to 0x00007f71992a5d35

Events (10 events):
Event: 2,197 loading class com/android/dx/cf/code/Ropper$2
Event: 2,197 loading class com/android/dx/cf/code/Ropper$2 done
Event: 2,237 Thread 0x00007f71a8009800 Uncommon trap: trap_request=0xfffffff4 fr.pc=0x00007f71992a5d58
Event: 2,237 Thread 0x00007f71a8009800 DEOPT PACKING pc=0x00007f71992a5d58 sp=0x00007f71b0579b20
Event: 2,237 Thread 0x00007f71a8009800 DEOPT UNPACKING pc=0x00007f7199004f69 sp=0x00007f71b05799b8 mode 2
Event: 2,245 Thread 0x00007f71a8009800 DEOPT PACKING pc=0x00007f719932f135 sp=0x00007f71b0579d70
Event: 2,245 Thread 0x00007f71a8009800 DEOPT UNPACKING pc=0x00007f7199046f73 sp=0x00007f71b0579b30 mode 0
Event: 2,254 Thread 0x00007f71a8009800 DEOPT PACKING pc=0x00007f719939c260 sp=0x00007f71b0579c90
Event: 2,254 Thread 0x00007f71a8009800 DEOPT UNPACKING pc=0x00007f7199046f73 sp=0x00007f71b0579ad8 mode 0
Event: 2,286 Executing VM operation: ParallelGCFailedAllocation


Dynamic libraries:
00400000-00401000 r-xp 00000000 08:02 2369471                            /home/norbee/.jdk1.8.0_20/jre/bin/java
00600000-00601000 rw-p 00000000 08:02 2369471                            /home/norbee/.jdk1.8.0_20/jre/bin/java
00739000-0075a000 rw-p 00000000 00:00 0                                  [heap]
c0000000-c1400000 rw-p 00000000 00:00 0 
c1400000-eab00000 ---p 00000000 00:00 0 
eab00000-ebd00000 rw-p 00000000 00:00 0 
ed200000-100000000 ---p 00000000 00:00 0 
100000000-1000a0000 rw-p 00000000 00:00 0 
1000a0000-140000000 ---p 00000000 00:00 0 
7f7168000000-7f7168021000 rw-p 00000000 00:00 0 
7f7168021000-7f716c000000 ---p 00000000 00:00 0 
7f716c000000-7f716c021000 rw-p 00000000 00:00 0 
7f716c021000-7f7170000000 ---p 00000000 00:00 0 
7f7170000000-7f71704c3000 rw-p 00000000 00:00 0 
7f71704c3000-7f7174000000 ---p 00000000 00:00 0 
7f7178000000-7f7178021000 rw-p 00000000 00:00 0 
7f7178021000-7f717c000000 ---p 00000000 00:00 0 
7f717c000000-7f717c6d8000 rw-p 00000000 00:00 0 
7f717c6d8000-7f7180000000 ---p 00000000 00:00 0 
7f7180000000-7f7180021000 rw-p 00000000 00:00 0 
7f7180021000-7f7184000000 ---p 00000000 00:00 0 
7f7184000000-7f7184021000 rw-p 00000000 00:00 0 
7f7184021000-7f7188000000 ---p 00000000 00:00 0 
7f7188000000-7f718827c000 rw-p 00000000 00:00 0 
7f718827c000-7f718c000000 ---p 00000000 00:00 0 
7f718c000000-7f718c021000 rw-p 00000000 00:00 0 
7f718c021000-7f7190000000 ---p 00000000 00:00 0 
7f719198e000-7f7191991000 ---p 00000000 00:00 0 
7f7191991000-7f7191a8f000 rw-p 00000000 00:00 0                          [stack:20398]
7f7191a8f000-7f7192000000 r--p 00000000 08:02 3543076                    /usr/lib/locale/locale-archive
7f7192000000-7f7194000000 rw-p 00000000 00:00 0 
7f7194000000-7f7194021000 rw-p 00000000 00:00 0 
7f7194021000-7f7198000000 ---p 00000000 00:00 0 
7f71980e3000-7f71980f1000 r--s 000b4000 08:02 2494502                    /home/norbee/asd/sdk/build-tools/android-4.4W/lib/dx.jar
7f71980f1000-7f71980f2000 ---p 00000000 00:00 0 
7f71980f2000-7f71981f2000 rw-p 00000000 00:00 0                          [stack:20402]
7f71981f2000-7f71981f5000 ---p 00000000 00:00 0 
7f71981f5000-7f71982f3000 rw-p 00000000 00:00 0                          [stack:20401]
7f71982f3000-7f71982f6000 ---p 00000000 00:00 0 
7f71982f6000-7f71983f4000 rw-p 00000000 00:00 0                          [stack:20400]
7f71983f4000-7f71983f7000 ---p 00000000 00:00 0 
7f71983f7000-7f71984f5000 rw-p 00000000 00:00 0                          [stack:20399]
7f71984f5000-7f71984f8000 ---p 00000000 00:00 0 
7f71984f8000-7f71985f6000 rw-p 00000000 00:00 0                          [stack:20397]
7f71985f6000-7f71985f9000 ---p 00000000 00:00 0 
7f71985f9000-7f71986f7000 rw-p 00000000 00:00 0                          [stack:20396]
7f71986f7000-7f71986f8000 ---p 00000000 00:00 0 
7f71986f8000-7f7199000000 rw-p 00000000 00:00 0                          [stack:20395]
7f7199000000-7f7199520000 rwxp 00000000 00:00 0 
7f7199520000-7f71a8000000 ---p 00000000 00:00 0 
7f71a8000000-7f71a8424000 rw-p 00000000 00:00 0 
7f71a8424000-7f71ac000000 ---p 00000000 00:00 0 
7f71ac003000-7f71ac104000 rw-p 00000000 00:00 0 
7f71ac104000-7f71ac2da000 r--s 03ca8000 08:02 2369577                    /home/norbee/.jdk1.8.0_20/jre/lib/rt.jar
7f71ac2da000-7f71ac990000 rw-p 00000000 00:00 0 
7f71ac990000-7f71acb50000 ---p 00000000 00:00 0 
7f71acb50000-7f71acd50000 rw-p 00000000 00:00 0 
7f71acd50000-7f71acd51000 ---p 00000000 00:00 0 
7f71acd51000-7f71ace51000 rw-p 00000000 00:00 0                          [stack:20394]
7f71ace51000-7f71ace52000 ---p 00000000 00:00 0 
7f71ace52000-7f71acf5c000 rw-p 00000000 00:00 0                          [stack:20393]
7f71acf5c000-7f71ad0a8000 ---p 00000000 00:00 0 
7f71ad0a8000-7f71ad0b2000 rw-p 00000000 00:00 0 
7f71ad0b2000-7f71ad1fd000 ---p 00000000 00:00 0 
7f71ad1fd000-7f71ad207000 rw-p 00000000 00:00 0 
7f71ad207000-7f71ad2a8000 ---p 00000000 00:00 0 
7f71ad2a8000-7f71ad2be000 rw-p 00000000 00:00 0 
7f71ad2be000-7f71ad669000 ---p 00000000 00:00 0 
7f71ad669000-7f71ad683000 r-xp 00000000 08:02 2369771                    /home/norbee/.jdk1.8.0_20/jre/lib/amd64/libzip.so
7f71ad683000-7f71ad883000 ---p 0001a000 08:02 2369771                    /home/norbee/.jdk1.8.0_20/jre/lib/amd64/libzip.so
7f71ad883000-7f71ad884000 rw-p 0001a000 08:02 2369771                    /home/norbee/.jdk1.8.0_20/jre/lib/amd64/libzip.so
7f71ad884000-7f71ad890000 r-xp 00000000 08:02 2106976                    /lib/x86_64-linux-gnu/libnss_files-2.15.so
7f71ad890000-7f71ada8f000 ---p 0000c000 08:02 2106976                    /lib/x86_64-linux-gnu/libnss_files-2.15.so
7f71ada8f000-7f71ada90000 r--p 0000b000 08:02 2106976                    /lib/x86_64-linux-gnu/libnss_files-2.15.so
7f71ada90000-7f71ada91000 rw-p 0000c000 08:02 2106976                    /lib/x86_64-linux-gnu/libnss_files-2.15.so
7f71ada91000-7f71ada9b000 r-xp 00000000 08:02 2106980                    /lib/x86_64-linux-gnu/libnss_nis-2.15.so
7f71ada9b000-7f71adc9b000 ---p 0000a000 08:02 2106980                    /lib/x86_64-linux-gnu/libnss_nis-2.15.so
7f71adc9b000-7f71adc9c000 r--p 0000a000 08:02 2106980                    /lib/x86_64-linux-gnu/libnss_nis-2.15.so
7f71adc9c000-7f71adc9d000 rw-p 0000b000 08:02 2106980                    /lib/x86_64-linux-gnu/libnss_nis-2.15.so
7f71adc9d000-7f71adcb4000 r-xp 00000000 08:02 2106992                    /lib/x86_64-linux-gnu/libnsl-2.15.so
7f71adcb4000-7f71adeb3000 ---p 00017000 08:02 2106992                    /lib/x86_64-linux-gnu/libnsl-2.15.so
7f71adeb3000-7f71adeb4000 r--p 00016000 08:02 2106992                    /lib/x86_64-linux-gnu/libnsl-2.15.so
7f71adeb4000-7f71adeb5000 rw-p 00017000 08:02 2106992                    /lib/x86_64-linux-gnu/libnsl-2.15.so
7f71adeb5000-7f71adeb7000 rw-p 00000000 00:00 0 
7f71adeb7000-7f71adebf000 r-xp 00000000 08:02 2106974                    /lib/x86_64-linux-gnu/libnss_compat-2.15.so
7f71adebf000-7f71ae0be000 ---p 00008000 08:02 2106974                    /lib/x86_64-linux-gnu/libnss_compat-2.15.so
7f71ae0be000-7f71ae0bf000 r--p 00007000 08:02 2106974                    /lib/x86_64-linux-gnu/libnss_compat-2.15.so
7f71ae0bf000-7f71ae0c0000 rw-p 00008000 08:02 2106974                    /lib/x86_64-linux-gnu/libnss_compat-2.15.so
7f71ae0c0000-7f71ae0ea000 r-xp 00000000 08:02 2369766                    /home/norbee/.jdk1.8.0_20/jre/lib/amd64/libjava.so
7f71ae0ea000-7f71ae2ea000 ---p 0002a000 08:02 2369766                    /home/norbee/.jdk1.8.0_20/jre/lib/amd64/libjava.so
7f71ae2ea000-7f71ae2ec000 rw-p 0002a000 08:02 2369766                    /home/norbee/.jdk1.8.0_20/jre/lib/amd64/libjava.so
7f71ae2ec000-7f71ae2f9000 r-xp 00000000 08:02 2369770                    /home/norbee/.jdk1.8.0_20/jre/lib/amd64/libverify.so
7f71ae2f9000-7f71ae4f9000 ---p 0000d000 08:02 2369770                    /home/norbee/.jdk1.8.0_20/jre/lib/amd64/libverify.so
7f71ae4f9000-7f71ae4fb000 rw-p 0000d000 08:02 2369770                    /home/norbee/.jdk1.8.0_20/jre/lib/amd64/libverify.so
7f71ae4fb000-7f71ae502000 r-xp 00000000 08:02 2106979                    /lib/x86_64-linux-gnu/librt-2.15.so
7f71ae502000-7f71ae701000 ---p 00007000 08:02 2106979                    /lib/x86_64-linux-gnu/librt-2.15.so
7f71ae701000-7f71ae702000 r--p 00006000 08:02 2106979                    /lib/x86_64-linux-gnu/librt-2.15.so
7f71ae702000-7f71ae703000 rw-p 00007000 08:02 2106979                    /lib/x86_64-linux-gnu/librt-2.15.so
7f71ae703000-7f71ae7fe000 r-xp 00000000 08:02 2106983                    /lib/x86_64-linux-gnu/libm-2.15.so
7f71ae7fe000-7f71ae9fd000 ---p 000fb000 08:02 2106983                    /lib/x86_64-linux-gnu/libm-2.15.so
7f71ae9fd000-7f71ae9fe000 r--p 000fa000 08:02 2106983                    /lib/x86_64-linux-gnu/libm-2.15.so
7f71ae9fe000-7f71ae9ff000 rw-p 000fb000 08:02 2106983                    /lib/x86_64-linux-gnu/libm-2.15.so
7f71ae9ff000-7f71af669000 r-xp 00000000 08:02 2369752                    /home/norbee/.jdk1.8.0_20/jre/lib/amd64/server/libjvm.so
7f71af669000-7f71af868000 ---p 00c6a000 08:02 2369752                    /home/norbee/.jdk1.8.0_20/jre/lib/amd64/server/libjvm.so
7f71af868000-7f71af93f000 rw-p 00c69000 08:02 2369752                    /home/norbee/.jdk1.8.0_20/jre/lib/amd64/server/libjvm.so
7f71af93f000-7f71af981000 rw-p 00000000 00:00 0 
7f71af981000-7f71afb36000 r-xp 00000000 08:02 2102923                    /lib/x86_64-linux-gnu/libc-2.15.so
7f71afb36000-7f71afd35000 ---p 001b5000 08:02 2102923                    /lib/x86_64-linux-gnu/libc-2.15.so
7f71afd35000-7f71afd39000 r--p 001b4000 08:02 2102923                    /lib/x86_64-linux-gnu/libc-2.15.so
7f71afd39000-7f71afd3b000 rw-p 001b8000 08:02 2102923                    /lib/x86_64-linux-gnu/libc-2.15.so
7f71afd3b000-7f71afd40000 rw-p 00000000 00:00 0 
7f71afd40000-7f71afd42000 r-xp 00000000 08:02 2106987                    /lib/x86_64-linux-gnu/libdl-2.15.so
7f71afd42000-7f71aff42000 ---p 00002000 08:02 2106987                    /lib/x86_64-linux-gnu/libdl-2.15.so
7f71aff42000-7f71aff43000 r--p 00002000 08:02 2106987                    /lib/x86_64-linux-gnu/libdl-2.15.so
7f71aff43000-7f71aff44000 rw-p 00003000 08:02 2106987                    /lib/x86_64-linux-gnu/libdl-2.15.so
7f71aff44000-7f71aff59000 r-xp 00000000 08:02 2369747                    /home/norbee/.jdk1.8.0_20/jre/lib/amd64/jli/libjli.so
7f71aff59000-7f71b0158000 ---p 00015000 08:02 2369747                    /home/norbee/.jdk1.8.0_20/jre/lib/amd64/jli/libjli.so
7f71b0158000-7f71b0159000 rw-p 00014000 08:02 2369747                    /home/norbee/.jdk1.8.0_20/jre/lib/amd64/jli/libjli.so
7f71b0159000-7f71b0171000 r-xp 00000000 08:02 2106981                    /lib/x86_64-linux-gnu/libpthread-2.15.so
7f71b0171000-7f71b0370000 ---p 00018000 08:02 2106981                    /lib/x86_64-linux-gnu/libpthread-2.15.so
7f71b0370000-7f71b0371000 r--p 00017000 08:02 2106981                    /lib/x86_64-linux-gnu/libpthread-2.15.so
7f71b0371000-7f71b0372000 rw-p 00018000 08:02 2106981                    /lib/x86_64-linux-gnu/libpthread-2.15.so
7f71b0372000-7f71b0376000 rw-p 00000000 00:00 0 
7f71b0376000-7f71b0398000 r-xp 00000000 08:02 2106984                    /lib/x86_64-linux-gnu/ld-2.15.so
7f71b03bd000-7f71b047b000 rw-p 00000000 00:00 0 
7f71b047b000-7f71b047e000 ---p 00000000 00:00 0 
7f71b047e000-7f71b0580000 rw-p 00000000 00:00 0                          [stack:20392]
7f71b0583000-7f71b0584000 rw-p 00000000 00:00 0 
7f71b0584000-7f71b058c000 r--s 0007b000 08:02 2504278                    /home/norbee/.m2/repository/com/google/protobuf/protobuf-java/2.5.0/protobuf-java-2.5.0.jar
7f71b058c000-7f71b0594000 rw-s 00000000 08:02 132956                     /tmp/hsperfdata_norbee/20391
7f71b0594000-7f71b0595000 rw-p 00000000 00:00 0 
7f71b0595000-7f71b0596000 ---p 00000000 00:00 0 
7f71b0596000-7f71b0598000 rw-p 00000000 00:00 0 
7f71b0598000-7f71b0599000 r--p 00022000 08:02 2106984                    /lib/x86_64-linux-gnu/ld-2.15.so
7f71b0599000-7f71b059b000 rw-p 00023000 08:02 2106984                    /lib/x86_64-linux-gnu/ld-2.15.so
7fffd44d0000-7fffd44f1000 rw-p 00000000 00:00 0                          [stack]
7fffd45be000-7fffd45bf000 r-xp 00000000 00:00 0                          [vdso]
ffffffffff600000-ffffffffff601000 r-xp 00000000 00:00 0                  [vsyscall]

VM Arguments:
jvm_args: -Xmx1024M 
java_command: /home/norbee/asd/sdk/build-tools/android-4.4W/lib/dx.jar --dex --output=/home/norbee/yanonymous-code/Construct/target/classes.dex /home/norbee/.m2/repository/com/google/protobuf/protobuf-java/2.5.0/protobuf-java-2.5.0.jar /home/norbee/yanonymous-code/Construct/target/classes
java_class_path (initial): /home/norbee/asd/sdk/build-tools/android-4.4W/lib/dx.jar
Launcher Type: SUN_STANDARD

Environment Variables:
JAVA_HOME=/home/norbee/.jdk1.8.0_20
PATH=/home/norbee/.jdk1.8.0_20/bin:/usr/lib/lightdm/lightdm:/usr/local/sbin:/usr/local/bin:/usr/sbin:/usr/bin:/sbin:/bin:/usr/games:/home/norbee/asd/sdk/tools:/home/norbee/asd/sdk/platform-tools
SHELL=/bin/bash
DISPLAY=:0

Signal Handlers:
SIGSEGV: [libjvm.so+0xa77530], sa_mask[0]=11111111011111111101111111111110, sa_flags=SA_RESTART|SA_SIGINFO
SIGBUS: [libjvm.so+0xa77530], sa_mask[0]=11111111011111111101111111111110, sa_flags=SA_RESTART|SA_SIGINFO
SIGFPE: [libjvm.so+0x8e1d90], sa_mask[0]=11111111011111111101111111111110, sa_flags=SA_RESTART|SA_SIGINFO
SIGPIPE: [libjvm.so+0x8e1d90], sa_mask[0]=11111111011111111101111111111110, sa_flags=SA_RESTART|SA_SIGINFO
SIGXFSZ: [libjvm.so+0x8e1d90], sa_mask[0]=11111111011111111101111111111110, sa_flags=SA_RESTART|SA_SIGINFO
SIGILL: [libjvm.so+0x8e1d90], sa_mask[0]=11111111011111111101111111111110, sa_flags=SA_RESTART|SA_SIGINFO
SIGUSR1: SIG_DFL, sa_mask[0]=00000000000000000000000000000000, sa_flags=none
SIGUSR2: [libjvm.so+0x8e35c0], sa_mask[0]=00100000000000000000000000000000, sa_flags=SA_RESTART|SA_SIGINFO
SIGHUP: [libjvm.so+0x8e4980], sa_mask[0]=11111111011111111101111111111110, sa_flags=SA_RESTART|SA_SIGINFO
SIGINT: [libjvm.so+0x8e4980], sa_mask[0]=11111111011111111101111111111110, sa_flags=SA_RESTART|SA_SIGINFO
SIGTERM: [libjvm.so+0x8e4980], sa_mask[0]=11111111011111111101111111111110, sa_flags=SA_RESTART|SA_SIGINFO
SIGQUIT: [libjvm.so+0x8e4980], sa_mask[0]=11111111011111111101111111111110, sa_flags=SA_RESTART|SA_SIGINFO


---------------  S Y S T E M  ---------------

OS:DISTRIB_ID="elementary OS"
DISTRIB_RELEASE=0.2.1
DISTRIB_CODENAME=luna
DISTRIB_DESCRIPTION="elementary OS Luna"

uname:Linux 3.5.0-54-generic #81~precise1-Ubuntu SMP Tue Jul 15 04:02:22 UTC 2014 x86_64
libc:glibc 2.15 NPTL 2.15 
rlimit: STACK 8192k, CORE 0k, NPROC 14494, NOFILE 4096, AS infinity
load average:4,14 2,07 1,03

/proc/meminfo:
MemTotal:        1880244 kB
MemFree:           91228 kB
Buffers:             248 kB
Cached:           258372 kB
SwapCached:            0 kB
Active:          1478736 kB
Inactive:         185452 kB
Active(anon):    1472300 kB
Inactive(anon):   178896 kB
Active(file):       6436 kB
Inactive(file):     6556 kB
Unevictable:         184 kB
Mlocked:             184 kB
SwapTotal:             0 kB
SwapFree:              0 kB
Dirty:               280 kB
Writeback:             0 kB
AnonPages:       1405760 kB
Mapped:            33040 kB
Shmem:            245620 kB
Slab:              44172 kB
SReclaimable:      16304 kB
SUnreclaim:        27868 kB
KernelStack:        4072 kB
PageTables:        36200 kB
NFS_Unstable:          0 kB
Bounce:                0 kB
WritebackTmp:          0 kB
CommitLimit:      940120 kB
Committed_AS:    4593884 kB
VmallocTotal:   34359738367 kB
VmallocUsed:      351368 kB
VmallocChunk:   34359374000 kB
HardwareCorrupted:     0 kB
AnonHugePages:         0 kB
HugePages_Total:       0
HugePages_Free:        0
HugePages_Rsvd:        0
HugePages_Surp:        0
Hugepagesize:       2048 kB
DirectMap4k:       73728 kB
DirectMap2M:     1931264 kB


CPU:total 2 (2 cores per cpu, 1 threads per core) family 6 model 42 stepping 7, cmov, cx8, fxsr, mmx, sse, sse2, sse3, ssse3, sse4.1, sse4.2, popcnt, clmul, tsc, tscinvbit

/proc/cpuinfo:
processor	: 0
vendor_id	: GenuineIntel
cpu family	: 6
model		: 42
model name	: Intel(R) Pentium(R) CPU B960 @ 2.20GHz
stepping	: 7
microcode	: 0x28
cpu MHz		: 2200.000
cache size	: 2048 KB
physical id	: 0
siblings	: 2
core id		: 0
cpu cores	: 2
apicid		: 0
initial apicid	: 0
fpu		: yes
fpu_exception	: yes
cpuid level	: 13
wp		: yes
flags		: fpu vme de pse tsc msr pae mce cx8 apic sep mtrr pge mca cmov pat pse36 clflush dts acpi mmx fxsr sse sse2 ss ht tm pbe syscall nx rdtscp lm constant_tsc arch_perfmon pebs bts rep_good nopl xtopology nonstop_tsc aperfmperf pni pclmulqdq dtes64 monitor ds_cpl est tm2 ssse3 cx16 xtpr pdcm pcid sse4_1 sse4_2 x2apic popcnt tsc_deadline_timer xsave lahf_lm arat epb xsaveopt pln pts dtherm
bogomips	: 4389.89
clflush size	: 64
cache_alignment	: 64
address sizes	: 36 bits physical, 48 bits virtual
power management:

processor	: 1
vendor_id	: GenuineIntel
cpu family	: 6
model		: 42
model name	: Intel(R) Pentium(R) CPU B960 @ 2.20GHz
stepping	: 7
microcode	: 0x28
cpu MHz		: 800.000
cache size	: 2048 KB
physical id	: 0
siblings	: 2
core id		: 1
cpu cores	: 2
apicid		: 2
initial apicid	: 2
fpu		: yes
fpu_exception	: yes
cpuid level	: 13
wp		: yes
flags		: fpu vme de pse tsc msr pae mce cx8 apic sep mtrr pge mca cmov pat pse36 clflush dts acpi mmx fxsr sse sse2 ss ht tm pbe syscall nx rdtscp lm constant_tsc arch_perfmon pebs bts rep_good nopl xtopology nonstop_tsc aperfmperf pni pclmulqdq dtes64 monitor ds_cpl est tm2 ssse3 cx16 xtpr pdcm pcid sse4_1 sse4_2 x2apic popcnt tsc_deadline_timer xsave lahf_lm arat epb xsaveopt pln pts dtherm
bogomips	: 4389.89
clflush size	: 64
cache_alignment	: 64
address sizes	: 36 bits physical, 48 bits virtual
power management:



Memory: 4k page, physical 1880244k(91228k free), swap 0k(0k free)

vm_info: Java HotSpot(TM) 64-Bit Server VM (25.20-b23) for linux-amd64 JRE (1.8.0_20-b26), built on Jul 30 2014 13:13:52 by "java_re" with gcc 4.3.0 20080428 (Red Hat 4.3.0-8)

time: Fri Oct 24 05:26:40 2014
elapsed time: 7 seconds (0d 0h 0m 7s)

